Started GET "/" for ::1 at 2022-10-22 15:10:45 -0300
Processing by Rails::WelcomeController#index as HTML
  Rendering /usr/local/rvm/gems/ruby-3.0.0/gems/railties-7.0.4/lib/rails/templates/rails/welcome/index.html.erb
  Rendered /usr/local/rvm/gems/ruby-3.0.0/gems/railties-7.0.4/lib/rails/templates/rails/welcome/index.html.erb (Duration: 14.7ms | Allocations: 731)
Completed 200 OK in 145ms (Views: 50.3ms | ActiveRecord: 0.0ms | Allocations: 6909)


  [1m[35m (14.1ms)[0m  [1m[35mCREATE TABLE "schema_migrations" ("version" varchar NOT NULL PRIMARY KEY)[0m
  [1m[35m (10.4ms)[0m  [1m[35mCREATE TABLE "ar_internal_metadata" ("key" varchar NOT NULL PRIMARY KEY, "value" varchar, "created_at" datetime(6) NOT NULL, "updated_at" datetime(6) NOT NULL)[0m
  [1m[36mActiveRecord::SchemaMigration Pluck (1.5ms)[0m  [1m[34mSELECT "schema_migrations"."version" FROM "schema_migrations" ORDER BY "schema_migrations"."version" ASC[0m
Migrating to CreateClasses (20221022181126)
  [1m[36mTRANSACTION (0.1ms)[0m  [1m[36mbegin transaction[0m
  [1m[35m (3.6ms)[0m  [1m[35mCREATE TABLE "classes" ("id" integer PRIMARY KEY AUTOINCREMENT NOT NULL, "nome" varchar, "created_at" datetime(6) NOT NULL, "updated_at" datetime(6) NOT NULL)[0m
  [1m[36mActiveRecord::SchemaMigration Create (1.2ms)[0m  [1m[32mINSERT INTO "schema_migrations" ("version") VALUES (?)[0m  [["version", "20221022181126"]]
  [1m[36mTRANSACTION (6.4ms)[0m  [1m[36mcommit transaction[0m
Migrating to CreatePersonagems (20221022181143)
  [1m[36mTRANSACTION (0.0ms)[0m  [1m[36mbegin transaction[0m
  [1m[35m (5.4ms)[0m  [1m[35mCREATE TABLE "personagems" ("id" integer PRIMARY KEY AUTOINCREMENT NOT NULL, "nome" varchar, "created_at" datetime(6) NOT NULL, "updated_at" datetime(6) NOT NULL)[0m
  [1m[36mActiveRecord::SchemaMigration Create (1.4ms)[0m  [1m[32mINSERT INTO "schema_migrations" ("version") VALUES (?)[0m  [["version", "20221022181143"]]
  [1m[36mTRANSACTION (6.0ms)[0m  [1m[36mcommit transaction[0m
  [1m[36mActiveRecord::InternalMetadata Load (1.6ms)[0m  [1m[34mSELECT "ar_internal_metadata".* FROM "ar_internal_metadata" WHERE "ar_internal_metadata"."key" = ? LIMIT ?[0m  [["key", "environment"], ["LIMIT", 1]]
  [1m[36mTRANSACTION (0.0ms)[0m  [1m[36mbegin transaction[0m
  [1m[36mActiveRecord::InternalMetadata Create (4.0ms)[0m  [1m[32mINSERT INTO "ar_internal_metadata" ("key", "value", "created_at", "updated_at") VALUES (?, ?, ?, ?)[0m  [["key", "environment"], ["value", "development"], ["created_at", "2022-10-22 18:12:52.877078"], ["updated_at", "2022-10-22 18:12:52.877078"]]
  [1m[36mTRANSACTION (6.2ms)[0m  [1m[36mcommit transaction[0m
  [1m[36mActiveRecord::SchemaMigration Pluck (1.9ms)[0m  [1m[34mSELECT "schema_migrations"."version" FROM "schema_migrations" ORDER BY "schema_migrations"."version" ASC[0m
Started POST "/personagems" for ::1 at 2022-10-22 15:14:42 -0300
  [1m[36mActiveRecord::SchemaMigration Pluck (2.2ms)[0m  [1m[34mSELECT "schema_migrations"."version" FROM "schema_migrations" ORDER BY "schema_migrations"."version" ASC[0m
Processing by PersonagemsController#create as */*
  Parameters: {"nome"=>"bruno", "personagem"=>{"nome"=>"bruno"}}
  [1m[36mTRANSACTION (0.1ms)[0m  [1m[36mbegin transaction[0m
  ↳ app/controllers/personagems_controller.rb:20:in `create'
  [1m[36mPersonagem Create (11.6ms)[0m  [1m[32mINSERT INTO "personagems" ("nome", "created_at", "updated_at") VALUES (?, ?, ?)[0m  [["nome", "bruno"], ["created_at", "2022-10-22 18:14:43.181264"], ["updated_at", "2022-10-22 18:14:43.181264"]]
  ↳ app/controllers/personagems_controller.rb:20:in `create'
  [1m[36mTRANSACTION (8.6ms)[0m  [1m[36mcommit transaction[0m
  ↳ app/controllers/personagems_controller.rb:20:in `create'
Completed 201 Created in 98ms (Views: 0.6ms | ActiveRecord: 28.1ms | Allocations: 31832)


Started GET "/personagems" for ::1 at 2022-10-22 15:15:30 -0300
Processing by PersonagemsController#index as */*
  [1m[36mPersonagem Load (1.2ms)[0m  [1m[34mSELECT "personagems".* FROM "personagems"[0m
  ↳ app/controllers/personagems_controller.rb:8:in `index'
Completed 200 OK in 3ms (Views: 1.6ms | ActiveRecord: 1.2ms | Allocations: 910)


Started PUT "/personagems/1" for ::1 at 2022-10-22 15:15:55 -0300
Processing by PersonagemsController#update as */*
  Parameters: {"nome"=>"José gay", "id"=>"1", "personagem"=>{"nome"=>"José gay"}}
  [1m[36mPersonagem Load (2.7ms)[0m  [1m[34mSELECT "personagems".* FROM "personagems" WHERE "personagems"."id" = ? LIMIT ?[0m  [["id", 1], ["LIMIT", 1]]
  ↳ app/controllers/personagems_controller.rb:44:in `set_personagem'
  [1m[36mTRANSACTION (0.1ms)[0m  [1m[36mbegin transaction[0m
  ↳ app/controllers/personagems_controller.rb:29:in `update'
  [1m[36mPersonagem Update (10.6ms)[0m  [1m[33mUPDATE "personagems" SET "nome" = ?, "updated_at" = ? WHERE "personagems"."id" = ?[0m  [["nome", "José gay"], ["updated_at", "2022-10-22 18:15:55.877725"], ["id", 1]]
  ↳ app/controllers/personagems_controller.rb:29:in `update'
  [1m[36mTRANSACTION (7.1ms)[0m  [1m[36mcommit transaction[0m
  ↳ app/controllers/personagems_controller.rb:29:in `update'
Completed 200 OK in 38ms (Views: 0.2ms | ActiveRecord: 20.4ms | Allocations: 3205)


Started GET "/personagems" for ::1 at 2022-10-22 15:15:58 -0300
Processing by PersonagemsController#index as */*
  [1m[36mPersonagem Load (2.0ms)[0m  [1m[34mSELECT "personagems".* FROM "personagems"[0m
  ↳ app/controllers/personagems_controller.rb:8:in `index'
Completed 200 OK in 4ms (Views: 1.5ms | ActiveRecord: 2.0ms | Allocations: 726)


Started GET "/personagems/1" for ::1 at 2022-10-22 15:16:05 -0300
Processing by PersonagemsController#show as */*
  Parameters: {"id"=>"1"}
  [1m[36mPersonagem Load (1.2ms)[0m  [1m[34mSELECT "personagems".* FROM "personagems" WHERE "personagems"."id" = ? LIMIT ?[0m  [["id", 1], ["LIMIT", 1]]
  ↳ app/controllers/personagems_controller.rb:44:in `set_personagem'
Completed 200 OK in 3ms (Views: 0.4ms | ActiveRecord: 1.2ms | Allocations: 594)


Started DELETE "/personagems/1" for ::1 at 2022-10-22 15:16:30 -0300
Processing by PersonagemsController#destroy as */*
  Parameters: {"id"=>"1"}
  [1m[36mPersonagem Load (1.4ms)[0m  [1m[34mSELECT "personagems".* FROM "personagems" WHERE "personagems"."id" = ? LIMIT ?[0m  [["id", 1], ["LIMIT", 1]]
  ↳ app/controllers/personagems_controller.rb:44:in `set_personagem'
  [1m[36mTRANSACTION (0.1ms)[0m  [1m[36mbegin transaction[0m
  ↳ app/controllers/personagems_controller.rb:38:in `destroy'
  [1m[36mPersonagem Destroy (9.9ms)[0m  [1m[31mDELETE FROM "personagems" WHERE "personagems"."id" = ?[0m  [["id", 1]]
  ↳ app/controllers/personagems_controller.rb:38:in `destroy'
  [1m[36mTRANSACTION (7.0ms)[0m  [1m[36mcommit transaction[0m
  ↳ app/controllers/personagems_controller.rb:38:in `destroy'
Completed 204 No Content in 41ms (ActiveRecord: 18.4ms | Allocations: 1825)


Started GET "/personagems" for ::1 at 2022-10-22 15:16:31 -0300
Processing by PersonagemsController#index as */*
  [1m[36mPersonagem Load (2.1ms)[0m  [1m[34mSELECT "personagems".* FROM "personagems"[0m
  ↳ app/controllers/personagems_controller.rb:8:in `index'
Completed 200 OK in 11ms (Views: 9.0ms | ActiveRecord: 2.1ms | Allocations: 607)


Started GET "/classe" for ::1 at 2022-10-22 15:16:54 -0300
  
ActionController::RoutingError (No route matches [GET] "/classe"):
  
Started GET "/classes" for ::1 at 2022-10-22 15:16:57 -0300
Processing by ClassesController#index as */*
  [1m[36mClasse Load (1.7ms)[0m  [1m[34mSELECT "classes".* FROM "classes"[0m
  ↳ app/controllers/classes_controller.rb:8:in `index'
Completed 200 OK in 57ms (Views: 1.7ms | ActiveRecord: 1.7ms | Allocations: 1129)


Started POST "/classes" for ::1 at 2022-10-22 15:17:12 -0300
Processing by ClassesController#create as */*
  Parameters: {"nome"=>"Guerreiro", "class"=>{"nome"=>"Guerreiro"}}
  [1m[36mTRANSACTION (0.0ms)[0m  [1m[36mbegin transaction[0m
  ↳ app/controllers/classes_controller.rb:20:in `create'
  [1m[36mClasse Create (9.3ms)[0m  [1m[32mINSERT INTO "classes" ("nome", "created_at", "updated_at") VALUES (?, ?, ?)[0m  [["nome", "Guerreiro"], ["created_at", "2022-10-22 18:17:12.821109"], ["updated_at", "2022-10-22 18:17:12.821109"]]
  ↳ app/controllers/classes_controller.rb:20:in `create'
  [1m[36mTRANSACTION (7.8ms)[0m  [1m[36mcommit transaction[0m
  ↳ app/controllers/classes_controller.rb:20:in `create'
Completed 201 Created in 32ms (Views: 0.4ms | ActiveRecord: 23.9ms | Allocations: 3173)


Started GET "/classes" for ::1 at 2022-10-22 15:17:14 -0300
Processing by ClassesController#index as */*
  [1m[36mClasse Load (1.7ms)[0m  [1m[34mSELECT "classes".* FROM "classes"[0m
  ↳ app/controllers/classes_controller.rb:8:in `index'
Completed 200 OK in 5ms (Views: 2.6ms | ActiveRecord: 1.7ms | Allocations: 733)


  [1m[36mActiveRecord::SchemaMigration Pluck (1.7ms)[0m  [1m[34mSELECT "schema_migrations"."version" FROM "schema_migrations" ORDER BY "schema_migrations"."version" ASC[0m
Migrating to AdicionarForeignChaveToPersonagems (20221022182056)
  [1m[36mTRANSACTION (0.1ms)[0m  [1m[36mbegin transaction[0m
  [1m[35m (3.6ms)[0m  [1m[35mALTER TABLE "personagems" ADD "classe_id" integer[0m
  [1m[35m (0.2ms)[0m  [1m[35mCREATE INDEX "index_personagems_on_classe_id" ON "personagems" ("classe_id")[0m
  [1m[35m (0.0ms)[0m  [1m[35mPRAGMA foreign_keys[0m
  [1m[35m (0.0ms)[0m  [1m[35mPRAGMA defer_foreign_keys[0m
  [1m[35m (0.0ms)[0m  [1m[35mPRAGMA defer_foreign_keys = ON[0m
  [1m[35m (0.0ms)[0m  [1m[35mPRAGMA foreign_keys = OFF[0m
  [1m[35m (0.1ms)[0m  [1m[35mCREATE TEMPORARY TABLE "apersonagems" ("id" integer NOT NULL PRIMARY KEY, "nome" varchar DEFAULT NULL, "created_at" datetime(6) NOT NULL, "updated_at" datetime(6) NOT NULL, "classe_id" integer DEFAULT NULL)[0m
  [1m[35m (0.1ms)[0m  [1m[35mCREATE INDEX "tindex_apersonagems_on_classe_id" ON "apersonagems" ("classe_id")[0m
  [1m[35m (0.0ms)[0m  [1m[32mINSERT INTO "apersonagems" ("id","nome","created_at","updated_at","classe_id")
                     SELECT "id","nome","created_at","updated_at","classe_id" FROM "personagems"[0m
  [1m[35m (1.8ms)[0m  [1m[35mDROP TABLE "personagems"[0m
  [1m[35m (0.1ms)[0m  [1m[35mCREATE TABLE "personagems" ("id" integer NOT NULL PRIMARY KEY, "nome" varchar DEFAULT NULL, "created_at" datetime(6) NOT NULL, "updated_at" datetime(6) NOT NULL, "classe_id" integer DEFAULT NULL, CONSTRAINT "fk_rails_5cc249f42b"
FOREIGN KEY ("classe_id")
  REFERENCES "classes" ("id")
)[0m
  [1m[35m (0.1ms)[0m  [1m[35mCREATE INDEX "index_personagems_on_classe_id" ON "personagems" ("classe_id")[0m
  [1m[35m (0.0ms)[0m  [1m[32mINSERT INTO "personagems" ("id","nome","created_at","updated_at","classe_id")
                     SELECT "id","nome","created_at","updated_at","classe_id" FROM "apersonagems"[0m
  [1m[35m (0.1ms)[0m  [1m[35mDROP TABLE "apersonagems"[0m
  [1m[35m (0.0ms)[0m  [1m[35mPRAGMA defer_foreign_keys = 0[0m
  [1m[35m (0.0ms)[0m  [1m[35mPRAGMA foreign_keys = 1[0m
  [1m[36mActiveRecord::SchemaMigration Create (1.5ms)[0m  [1m[32mINSERT INTO "schema_migrations" ("version") VALUES (?)[0m  [["version", "20221022182056"]]
  [1m[36mTRANSACTION (5.7ms)[0m  [1m[36mcommit transaction[0m
  [1m[36mActiveRecord::InternalMetadata Load (1.2ms)[0m  [1m[34mSELECT "ar_internal_metadata".* FROM "ar_internal_metadata" WHERE "ar_internal_metadata"."key" = ? LIMIT ?[0m  [["key", "environment"], ["LIMIT", 1]]
  [1m[36mActiveRecord::SchemaMigration Pluck (1.3ms)[0m  [1m[34mSELECT "schema_migrations"."version" FROM "schema_migrations" ORDER BY "schema_migrations"."version" ASC[0m
Started GET "/personagems" for ::1 at 2022-10-22 15:23:22 -0300
  [1m[36mActiveRecord::SchemaMigration Pluck (1.4ms)[0m  [1m[34mSELECT "schema_migrations"."version" FROM "schema_migrations" ORDER BY "schema_migrations"."version" ASC[0m
Processing by PersonagemsController#index as */*
  [1m[36mPersonagem Load (1.1ms)[0m  [1m[34mSELECT "personagems".* FROM "personagems"[0m
  ↳ app/controllers/personagems_controller.rb:8:in `index'
Completed 200 OK in 47ms (Views: 1.3ms | ActiveRecord: 1.1ms | Allocations: 14257)


Started POST "/personagems" for ::1 at 2022-10-22 15:23:55 -0300
Processing by PersonagemsController#create as */*
  Parameters: {"nome"=>"xxxComedorxXxxx", "personagem"=>{"nome"=>"xxxComedorxXxxx"}}
  [1m[36mTRANSACTION (0.1ms)[0m  [1m[36mbegin transaction[0m
  ↳ app/controllers/personagems_controller.rb:20:in `create'
  [1m[36mPersonagem Create (11.5ms)[0m  [1m[32mINSERT INTO "personagems" ("nome", "created_at", "updated_at", "classe_id") VALUES (?, ?, ?, ?)[0m  [["nome", "xxxComedorxXxxx"], ["created_at", "2022-10-22 18:23:55.773641"], ["updated_at", "2022-10-22 18:23:55.773641"], ["classe_id", nil]]
  ↳ app/controllers/personagems_controller.rb:20:in `create'
  [1m[36mTRANSACTION (7.4ms)[0m  [1m[36mcommit transaction[0m
  ↳ app/controllers/personagems_controller.rb:20:in `create'
Completed 201 Created in 97ms (Views: 0.6ms | ActiveRecord: 28.0ms | Allocations: 18052)


Started GET "/classes" for ::1 at 2022-10-22 15:24:07 -0300
Processing by ClassesController#index as */*
  [1m[36mClasse Load (2.3ms)[0m  [1m[34mSELECT "classes".* FROM "classes"[0m
  ↳ app/controllers/classes_controller.rb:8:in `index'
Completed 200 OK in 23ms (Views: 4.2ms | ActiveRecord: 8.4ms | Allocations: 2538)


Started POST "/personagems" for ::1 at 2022-10-22 15:24:24 -0300
Processing by PersonagemsController#create as */*
  Parameters: {"nome"=>"xxXComedoraXxxX", "classe_id"=>1, "personagem"=>{"nome"=>"xxXComedoraXxxX", "classe_id"=>1}}
[31mUnpermitted parameter: :classe_id. Context: { controller: PersonagemsController, action: create, request: #<ActionDispatch::Request:0x00007fdef059e670>, params: {"nome"=>"xxXComedoraXxxX", "classe_id"=>1, "controller"=>"personagems", "action"=>"create", "personagem"=>{"nome"=>"xxXComedoraXxxX", "classe_id"=>1}} }[0m
  [1m[36mTRANSACTION (0.1ms)[0m  [1m[36mbegin transaction[0m
  ↳ app/controllers/personagems_controller.rb:20:in `create'
  [1m[36mPersonagem Create (14.0ms)[0m  [1m[32mINSERT INTO "personagems" ("nome", "created_at", "updated_at", "classe_id") VALUES (?, ?, ?, ?)[0m  [["nome", "xxXComedoraXxxX"], ["created_at", "2022-10-22 18:24:24.286021"], ["updated_at", "2022-10-22 18:24:24.286021"], ["classe_id", nil]]
  ↳ app/controllers/personagems_controller.rb:20:in `create'
  [1m[36mTRANSACTION (14.9ms)[0m  [1m[36mcommit transaction[0m
  ↳ app/controllers/personagems_controller.rb:20:in `create'
Completed 201 Created in 38ms (Views: 0.5ms | ActiveRecord: 29.0ms | Allocations: 1940)


Started POST "/personagems" for ::1 at 2022-10-22 15:24:34 -0300
Processing by PersonagemsController#create as */*
  Parameters: {"nome"=>"xxXComedoraXxxX", "classe_id"=>"1", "personagem"=>{"nome"=>"xxXComedoraXxxX", "classe_id"=>"1"}}
[31mUnpermitted parameter: :classe_id. Context: { controller: PersonagemsController, action: create, request: #<ActionDispatch::Request:0x00007fdefca4af78>, params: {"nome"=>"xxXComedoraXxxX", "classe_id"=>"1", "controller"=>"personagems", "action"=>"create", "personagem"=>{"nome"=>"xxXComedoraXxxX", "classe_id"=>"1"}} }[0m
  [1m[36mTRANSACTION (0.0ms)[0m  [1m[36mbegin transaction[0m
  ↳ app/controllers/personagems_controller.rb:20:in `create'
  [1m[36mPersonagem Create (9.1ms)[0m  [1m[32mINSERT INTO "personagems" ("nome", "created_at", "updated_at", "classe_id") VALUES (?, ?, ?, ?)[0m  [["nome", "xxXComedoraXxxX"], ["created_at", "2022-10-22 18:24:34.687731"], ["updated_at", "2022-10-22 18:24:34.687731"], ["classe_id", nil]]
  ↳ app/controllers/personagems_controller.rb:20:in `create'
  [1m[36mTRANSACTION (6.8ms)[0m  [1m[36mcommit transaction[0m
  ↳ app/controllers/personagems_controller.rb:20:in `create'
Completed 201 Created in 21ms (Views: 0.5ms | ActiveRecord: 15.9ms | Allocations: 1876)


Started POST "/personagems" for ::1 at 2022-10-22 15:24:53 -0300
Processing by PersonagemsController#create as */*
  Parameters: {"nome"=>"xxXComedoraXxxX", "classe_id"=>{"id"=>1}, "personagem"=>{"nome"=>"xxXComedoraXxxX", "classe_id"=>{"id"=>1}}}
[31mUnpermitted parameter: :classe_id. Context: { controller: PersonagemsController, action: create, request: #<ActionDispatch::Request:0x00007fdef0763bb8>, params: {"nome"=>"xxXComedoraXxxX", "classe_id"=>{"id"=>1}, "controller"=>"personagems", "action"=>"create", "personagem"=>{"nome"=>"xxXComedoraXxxX", "classe_id"=>{"id"=>1}}} }[0m
  [1m[36mTRANSACTION (0.1ms)[0m  [1m[36mbegin transaction[0m
  ↳ app/controllers/personagems_controller.rb:20:in `create'
  [1m[36mPersonagem Create (14.0ms)[0m  [1m[32mINSERT INTO "personagems" ("nome", "created_at", "updated_at", "classe_id") VALUES (?, ?, ?, ?)[0m  [["nome", "xxXComedoraXxxX"], ["created_at", "2022-10-22 18:24:53.072342"], ["updated_at", "2022-10-22 18:24:53.072342"], ["classe_id", nil]]
  ↳ app/controllers/personagems_controller.rb:20:in `create'
  [1m[36mTRANSACTION (13.8ms)[0m  [1m[36mcommit transaction[0m
  ↳ app/controllers/personagems_controller.rb:20:in `create'
Completed 201 Created in 35ms (Views: 0.5ms | ActiveRecord: 27.9ms | Allocations: 1895)


Started GET "/classes" for ::1 at 2022-10-22 15:25:04 -0300
Processing by ClassesController#index as */*
  [1m[36mClasse Load (1.1ms)[0m  [1m[34mSELECT "classes".* FROM "classes"[0m
  ↳ app/controllers/classes_controller.rb:8:in `index'
Completed 200 OK in 7ms (Views: 5.3ms | ActiveRecord: 1.1ms | Allocations: 715)


Started GET "/personagems/1" for ::1 at 2022-10-22 15:25:07 -0300
Processing by PersonagemsController#show as */*
  Parameters: {"id"=>"1"}
  [1m[36mPersonagem Load (2.5ms)[0m  [1m[34mSELECT "personagems".* FROM "personagems" WHERE "personagems"."id" = ? LIMIT ?[0m  [["id", 1], ["LIMIT", 1]]
  ↳ app/controllers/personagems_controller.rb:44:in `set_personagem'
Completed 200 OK in 75ms (Views: 0.3ms | ActiveRecord: 2.5ms | Allocations: 2199)


Started GET "/personagems" for ::1 at 2022-10-22 15:25:11 -0300
Processing by PersonagemsController#index as */*
  [1m[36mPersonagem Load (2.5ms)[0m  [1m[34mSELECT "personagems".* FROM "personagems"[0m
  ↳ app/controllers/personagems_controller.rb:8:in `index'
Completed 200 OK in 17ms (Views: 13.8ms | ActiveRecord: 2.5ms | Allocations: 1038)


  [1m[36mActiveRecord::SchemaMigration Pluck (1.1ms)[0m  [1m[34mSELECT "schema_migrations"."version" FROM "schema_migrations" ORDER BY "schema_migrations"."version" ASC[0m
Migrating to AdicionarForeignChaveToPersonagems2 (20221022182734)
  [1m[36mTRANSACTION (0.1ms)[0m  [1m[36mbegin transaction[0m
  [1m[35m (0.2ms)[0m  [1m[35mALTER TABLE "personagems" ADD "classe_id" integer[0m
  [1m[36mTRANSACTION (0.0ms)[0m  [1m[31mrollback transaction[0m
  [1m[36mActiveRecord::SchemaMigration Pluck (1.5ms)[0m  [1m[34mSELECT "schema_migrations"."version" FROM "schema_migrations" ORDER BY "schema_migrations"."version" ASC[0m
  [1m[36mActiveRecord::SchemaMigration Pluck (1.5ms)[0m  [1m[34mSELECT "schema_migrations"."version" FROM "schema_migrations" ORDER BY "schema_migrations"."version" ASC[0m
  [1m[36mActiveRecord::SchemaMigration Pluck (1.3ms)[0m  [1m[34mSELECT "schema_migrations"."version" FROM "schema_migrations" ORDER BY "schema_migrations"."version" ASC[0m
  [1m[36mActiveRecord::SchemaMigration Pluck (1.2ms)[0m  [1m[34mSELECT "schema_migrations"."version" FROM "schema_migrations" ORDER BY "schema_migrations"."version" ASC[0m
Migrating to AdicionarForeignChaveToPersonagems (20221022182056)
  [1m[36mTRANSACTION (0.1ms)[0m  [1m[36mbegin transaction[0m
  [1m[35m (0.0ms)[0m  [1m[35mPRAGMA foreign_keys[0m
  [1m[35m (0.0ms)[0m  [1m[35mPRAGMA defer_foreign_keys[0m
  [1m[35m (0.0ms)[0m  [1m[35mPRAGMA defer_foreign_keys = ON[0m
  [1m[35m (0.0ms)[0m  [1m[35mPRAGMA foreign_keys = OFF[0m
  [1m[35m (0.1ms)[0m  [1m[35mCREATE TEMPORARY TABLE "apersonagems" ("id" integer NOT NULL PRIMARY KEY, "nome" varchar DEFAULT NULL, "created_at" datetime(6) NOT NULL, "updated_at" datetime(6) NOT NULL, "classe_id" integer DEFAULT NULL)[0m
  [1m[35m (0.1ms)[0m  [1m[35mCREATE INDEX "tindex_apersonagems_on_classe_id" ON "apersonagems" ("classe_id")[0m
  [1m[35m (0.2ms)[0m  [1m[32mINSERT INTO "apersonagems" ("id","nome","created_at","updated_at","classe_id")
                     SELECT "id","nome","created_at","updated_at","classe_id" FROM "personagems"[0m
  [1m[35m (3.6ms)[0m  [1m[35mDROP TABLE "personagems"[0m
  [1m[35m (0.1ms)[0m  [1m[35mCREATE TABLE "personagems" ("id" integer NOT NULL PRIMARY KEY, "nome" varchar DEFAULT NULL, "created_at" datetime(6) NOT NULL, "updated_at" datetime(6) NOT NULL, "classe_id" integer DEFAULT NULL)[0m
  [1m[35m (0.1ms)[0m  [1m[35mCREATE INDEX "index_personagems_on_classe_id" ON "personagems" ("classe_id")[0m
  [1m[35m (0.0ms)[0m  [1m[32mINSERT INTO "personagems" ("id","nome","created_at","updated_at","classe_id")
                     SELECT "id","nome","created_at","updated_at","classe_id" FROM "apersonagems"[0m
  [1m[35m (0.4ms)[0m  [1m[35mDROP TABLE "apersonagems"[0m
  [1m[35m (0.0ms)[0m  [1m[35mPRAGMA defer_foreign_keys = 0[0m
  [1m[35m (0.1ms)[0m  [1m[35mPRAGMA foreign_keys = 1[0m
  [1m[35m (0.0ms)[0m  [1m[35mPRAGMA foreign_keys[0m
  [1m[35m (0.0ms)[0m  [1m[35mPRAGMA defer_foreign_keys[0m
  [1m[35m (0.0ms)[0m  [1m[35mPRAGMA defer_foreign_keys = ON[0m
  [1m[35m (0.0ms)[0m  [1m[35mPRAGMA foreign_keys = OFF[0m
  [1m[35m (0.1ms)[0m  [1m[35mCREATE TEMPORARY TABLE "apersonagems" ("id" integer NOT NULL PRIMARY KEY, "nome" varchar DEFAULT NULL, "created_at" datetime(6) NOT NULL, "updated_at" datetime(6) NOT NULL, "classe_id" integer DEFAULT NULL)[0m
  [1m[35m (0.1ms)[0m  [1m[35mCREATE INDEX "tindex_apersonagems_on_classe_id" ON "apersonagems" ("classe_id")[0m
  [1m[35m (0.1ms)[0m  [1m[32mINSERT INTO "apersonagems" ("id","nome","created_at","updated_at","classe_id")
                     SELECT "id","nome","created_at","updated_at","classe_id" FROM "personagems"[0m
  [1m[35m (0.2ms)[0m  [1m[35mDROP TABLE "personagems"[0m
  [1m[35m (0.1ms)[0m  [1m[35mCREATE TABLE "personagems" ("id" integer NOT NULL PRIMARY KEY, "nome" varchar DEFAULT NULL, "created_at" datetime(6) NOT NULL, "updated_at" datetime(6) NOT NULL)[0m
  [1m[35m (0.0ms)[0m  [1m[32mINSERT INTO "personagems" ("id","nome","created_at","updated_at")
                     SELECT "id","nome","created_at","updated_at" FROM "apersonagems"[0m
  [1m[35m (0.1ms)[0m  [1m[35mDROP TABLE "apersonagems"[0m
  [1m[35m (0.0ms)[0m  [1m[35mPRAGMA defer_foreign_keys = 0[0m
  [1m[35m (0.1ms)[0m  [1m[35mPRAGMA foreign_keys = 1[0m
  [1m[36mActiveRecord::SchemaMigration Delete All (1.1ms)[0m  [1m[31mDELETE FROM "schema_migrations" WHERE "schema_migrations"."version" = ?[0m  [["version", "20221022182056"]]
  [1m[36mTRANSACTION (5.6ms)[0m  [1m[36mcommit transaction[0m
  [1m[36mActiveRecord::SchemaMigration Pluck (0.9ms)[0m  [1m[34mSELECT "schema_migrations"."version" FROM "schema_migrations" ORDER BY "schema_migrations"."version" ASC[0m
  [1m[36mActiveRecord::SchemaMigration Pluck (1.4ms)[0m  [1m[34mSELECT "schema_migrations"."version" FROM "schema_migrations" ORDER BY "schema_migrations"."version" ASC[0m
Migrating to AdicionarForeignChaveToPersonagems (20221022182056)
  [1m[36mTRANSACTION (0.1ms)[0m  [1m[36mbegin transaction[0m
  [1m[35m (3.5ms)[0m  [1m[35mALTER TABLE "personagems" ADD "classe_id" integer[0m
  [1m[35m (0.9ms)[0m  [1m[35mCREATE INDEX "index_personagems_on_classe_id" ON "personagems" ("classe_id")[0m
  [1m[35m (0.0ms)[0m  [1m[35mPRAGMA foreign_keys[0m
  [1m[35m (0.0ms)[0m  [1m[35mPRAGMA defer_foreign_keys[0m
  [1m[35m (0.0ms)[0m  [1m[35mPRAGMA defer_foreign_keys = ON[0m
  [1m[35m (0.0ms)[0m  [1m[35mPRAGMA foreign_keys = OFF[0m
  [1m[35m (0.2ms)[0m  [1m[35mCREATE TEMPORARY TABLE "apersonagems" ("id" integer NOT NULL PRIMARY KEY, "nome" varchar DEFAULT NULL, "created_at" datetime(6) NOT NULL, "updated_at" datetime(6) NOT NULL, "classe_id" integer DEFAULT NULL)[0m
  [1m[35m (0.1ms)[0m  [1m[35mCREATE INDEX "tindex_apersonagems_on_classe_id" ON "apersonagems" ("classe_id")[0m
  [1m[35m (0.0ms)[0m  [1m[32mINSERT INTO "apersonagems" ("id","nome","created_at","updated_at","classe_id")
                     SELECT "id","nome","created_at","updated_at","classe_id" FROM "personagems"[0m
  [1m[35m (1.0ms)[0m  [1m[35mDROP TABLE "personagems"[0m
  [1m[35m (0.2ms)[0m  [1m[35mCREATE TABLE "personagems" ("id" integer NOT NULL PRIMARY KEY, "nome" varchar DEFAULT NULL, "created_at" datetime(6) NOT NULL, "updated_at" datetime(6) NOT NULL, "classe_id" integer DEFAULT NULL, CONSTRAINT "fk_rails_5cc249f42b"
FOREIGN KEY ("classe_id")
  REFERENCES "classes" ("id")
)[0m
  [1m[35m (0.1ms)[0m  [1m[35mCREATE INDEX "index_personagems_on_classe_id" ON "personagems" ("classe_id")[0m
  [1m[35m (0.1ms)[0m  [1m[32mINSERT INTO "personagems" ("id","nome","created_at","updated_at","classe_id")
                     SELECT "id","nome","created_at","updated_at","classe_id" FROM "apersonagems"[0m
  [1m[35m (0.2ms)[0m  [1m[35mDROP TABLE "apersonagems"[0m
  [1m[35m (0.1ms)[0m  [1m[35mPRAGMA defer_foreign_keys = 0[0m
  [1m[35m (0.0ms)[0m  [1m[35mPRAGMA foreign_keys = 1[0m
  [1m[36mActiveRecord::SchemaMigration Create (2.4ms)[0m  [1m[32mINSERT INTO "schema_migrations" ("version") VALUES (?)[0m  [["version", "20221022182056"]]
  [1m[36mTRANSACTION (7.1ms)[0m  [1m[36mcommit transaction[0m
  [1m[36mActiveRecord::InternalMetadata Load (2.1ms)[0m  [1m[34mSELECT "ar_internal_metadata".* FROM "ar_internal_metadata" WHERE "ar_internal_metadata"."key" = ? LIMIT ?[0m  [["key", "environment"], ["LIMIT", 1]]
  [1m[36mActiveRecord::SchemaMigration Pluck (1.3ms)[0m  [1m[34mSELECT "schema_migrations"."version" FROM "schema_migrations" ORDER BY "schema_migrations"."version" ASC[0m
Started GET "/personagems" for ::1 at 2022-10-22 15:29:11 -0300
  [1m[36mActiveRecord::SchemaMigration Pluck (1.2ms)[0m  [1m[34mSELECT "schema_migrations"."version" FROM "schema_migrations" ORDER BY "schema_migrations"."version" ASC[0m
Processing by PersonagemsController#index as */*
  [1m[36mPersonagem Load (1.5ms)[0m  [1m[34mSELECT "personagems".* FROM "personagems"[0m
  ↳ app/controllers/personagems_controller.rb:8:in `index'
Completed 200 OK in 68ms (Views: 15.9ms | ActiveRecord: 9.0ms | Allocations: 29962)


Started POST "/personagems" for ::1 at 2022-10-22 15:29:30 -0300
Processing by PersonagemsController#create as */*
  Parameters: {"nome"=>"xxXComedoraXxxX", "classe_id"=>1, "personagem"=>{"nome"=>"xxXComedoraXxxX", "classe_id"=>1}}
[31mUnpermitted parameter: :classe_id. Context: { controller: PersonagemsController, action: create, request: #<ActionDispatch::Request:0x00007fc0d48ac388>, params: {"nome"=>"xxXComedoraXxxX", "classe_id"=>1, "controller"=>"personagems", "action"=>"create", "personagem"=>{"nome"=>"xxXComedoraXxxX", "classe_id"=>1}} }[0m
  [1m[36mTRANSACTION (0.1ms)[0m  [1m[36mbegin transaction[0m
  ↳ app/controllers/personagems_controller.rb:20:in `create'
  [1m[36mPersonagem Create (10.0ms)[0m  [1m[32mINSERT INTO "personagems" ("nome", "created_at", "updated_at", "classe_id") VALUES (?, ?, ?, ?)[0m  [["nome", "xxXComedoraXxxX"], ["created_at", "2022-10-22 18:29:30.897544"], ["updated_at", "2022-10-22 18:29:30.897544"], ["classe_id", nil]]
  ↳ app/controllers/personagems_controller.rb:20:in `create'
  [1m[36mTRANSACTION (7.3ms)[0m  [1m[36mcommit transaction[0m
  ↳ app/controllers/personagems_controller.rb:20:in `create'
Completed 201 Created in 25ms (Views: 0.4ms | ActiveRecord: 17.5ms | Allocations: 2588)


Started POST "/personagems" for ::1 at 2022-10-22 15:29:43 -0300
Processing by PersonagemsController#create as */*
  Parameters: {"nome"=>"xxXComedoraXxxX", "classe"=>1, "personagem"=>{"nome"=>"xxXComedoraXxxX"}}
  [1m[36mTRANSACTION (0.0ms)[0m  [1m[36mbegin transaction[0m
  ↳ app/controllers/personagems_controller.rb:20:in `create'
  [1m[36mPersonagem Create (10.3ms)[0m  [1m[32mINSERT INTO "personagems" ("nome", "created_at", "updated_at", "classe_id") VALUES (?, ?, ?, ?)[0m  [["nome", "xxXComedoraXxxX"], ["created_at", "2022-10-22 18:29:43.419623"], ["updated_at", "2022-10-22 18:29:43.419623"], ["classe_id", nil]]
  ↳ app/controllers/personagems_controller.rb:20:in `create'
  [1m[36mTRANSACTION (10.0ms)[0m  [1m[36mcommit transaction[0m
  ↳ app/controllers/personagems_controller.rb:20:in `create'
Completed 201 Created in 26ms (Views: 0.5ms | ActiveRecord: 20.4ms | Allocations: 1840)


Started POST "/personagems" for ::1 at 2022-10-22 15:34:03 -0300
  [1m[36mActiveRecord::SchemaMigration Pluck (2.0ms)[0m  [1m[34mSELECT "schema_migrations"."version" FROM "schema_migrations" ORDER BY "schema_migrations"."version" ASC[0m
Processing by PersonagemsController#create as */*
  Parameters: {"nome"=>"xxXComedoraXxxX", "classe_id"=>1, "personagem"=>{"nome"=>"xxXComedoraXxxX", "classe_id"=>1}}
[31mUnpermitted parameter: :classe_id. Context: { controller: PersonagemsController, action: create, request: #<ActionDispatch::Request:0x000055bc03d74028>, params: {"nome"=>"xxXComedoraXxxX", "classe_id"=>1, "controller"=>"personagems", "action"=>"create", "personagem"=>{"nome"=>"xxXComedoraXxxX", "classe_id"=>1}} }[0m
Completed 422 Unprocessable Entity in 228ms (Views: 117.9ms | ActiveRecord: 9.4ms | Allocations: 35905)


Started POST "/personagems" for ::1 at 2022-10-22 15:34:39 -0300
Processing by PersonagemsController#create as */*
  Parameters: {"nome"=>"xxXComedoraXxxX", "classe"=>1, "personagem"=>{"nome"=>"xxXComedoraXxxX"}}
Completed 422 Unprocessable Entity in 1ms (Views: 0.4ms | ActiveRecord: 0.0ms | Allocations: 588)


Started POST "/personagems" for ::1 at 2022-10-22 15:36:43 -0300
  [1m[36mActiveRecord::SchemaMigration Pluck (2.1ms)[0m  [1m[34mSELECT "schema_migrations"."version" FROM "schema_migrations" ORDER BY "schema_migrations"."version" ASC[0m
Processing by PersonagemsController#create as */*
  Parameters: {"nome"=>"xxXComedoraXxxX", "classe"=>1, "personagem"=>{"nome"=>"xxXComedoraXxxX"}}
Completed 422 Unprocessable Entity in 155ms (Views: 22.8ms | ActiveRecord: 6.5ms | Allocations: 34932)


Started POST "/personagems" for ::1 at 2022-10-22 15:36:46 -0300
Processing by PersonagemsController#create as */*
  Parameters: {"nome"=>"xxXComedoraXxxX", "classe_id"=>1, "personagem"=>{"nome"=>"xxXComedoraXxxX", "classe_id"=>1}}
[31mUnpermitted parameter: :classe_id. Context: { controller: PersonagemsController, action: create, request: #<ActionDispatch::Request:0x00007f75b49f96c0>, params: {"nome"=>"xxXComedoraXxxX", "classe_id"=>1, "controller"=>"personagems", "action"=>"create", "personagem"=>{"nome"=>"xxXComedoraXxxX", "classe_id"=>1}} }[0m
Completed 422 Unprocessable Entity in 1ms (Views: 0.4ms | ActiveRecord: 0.0ms | Allocations: 687)


  [1m[36mTRANSACTION (0.1ms)[0m  [1m[36mbegin transaction[0m
  [1m[36mClasse Load (0.2ms)[0m  [1m[34mSELECT "classes".* FROM "classes" WHERE "classes"."id" = ? LIMIT ?[0m  [["id", 1], ["LIMIT", 1]]
  [1m[36mPersonagem Create (3.5ms)[0m  [1m[32mINSERT INTO "personagems" ("nome", "created_at", "updated_at", "classe_id") VALUES (?, ?, ?, ?)[0m  [["nome", "adksapod"], ["created_at", "2022-10-22 18:37:38.475108"], ["updated_at", "2022-10-22 18:37:38.475108"], ["classe_id", 1]]
  [1m[36mTRANSACTION (6.3ms)[0m  [1m[36mcommit transaction[0m
Started GET "/personagems" for ::1 at 2022-10-22 15:37:53 -0300
Processing by PersonagemsController#index as */*
  [1m[36mPersonagem Load (3.2ms)[0m  [1m[34mSELECT "personagems".* FROM "personagems"[0m
  ↳ app/controllers/personagems_controller.rb:8:in `index'
Completed 200 OK in 8ms (Views: 4.3ms | ActiveRecord: 3.2ms | Allocations: 1645)


Started POST "/personagems" for ::1 at 2022-10-22 15:38:01 -0300
Processing by PersonagemsController#create as */*
  Parameters: {"nome"=>"xxXComedoraXxxX", "classe_id"=>1, "personagem"=>{"nome"=>"xxXComedoraXxxX", "classe_id"=>1}}
[31mUnpermitted parameter: :classe_id. Context: { controller: PersonagemsController, action: create, request: #<ActionDispatch::Request:0x00007f75a47180b0>, params: {"nome"=>"xxXComedoraXxxX", "classe_id"=>1, "controller"=>"personagems", "action"=>"create", "personagem"=>{"nome"=>"xxXComedoraXxxX", "classe_id"=>1}} }[0m
Completed 422 Unprocessable Entity in 2ms (Views: 0.5ms | ActiveRecord: 0.0ms | Allocations: 670)


Started POST "/personagems" for ::1 at 2022-10-22 15:40:42 -0300
  [1m[36mActiveRecord::SchemaMigration Pluck (1.7ms)[0m  [1m[34mSELECT "schema_migrations"."version" FROM "schema_migrations" ORDER BY "schema_migrations"."version" ASC[0m
Processing by PersonagemsController#create as */*
  Parameters: {"nome"=>"xxXComedoraXxxX", "classe_id"=>1, "personagem"=>{"nome"=>"xxXComedoraXxxX", "classe_id"=>1}}
  [1m[36mTRANSACTION (0.1ms)[0m  [1m[36mbegin transaction[0m
  ↳ app/controllers/personagems_controller.rb:20:in `create'
  [1m[36mClasse Load (0.3ms)[0m  [1m[34mSELECT "classes".* FROM "classes" WHERE "classes"."id" = ? LIMIT ?[0m  [["id", 1], ["LIMIT", 1]]
  ↳ app/controllers/personagems_controller.rb:20:in `create'
  [1m[36mPersonagem Create (9.7ms)[0m  [1m[32mINSERT INTO "personagems" ("nome", "created_at", "updated_at", "classe_id") VALUES (?, ?, ?, ?)[0m  [["nome", "xxXComedoraXxxX"], ["created_at", "2022-10-22 18:40:43.261722"], ["updated_at", "2022-10-22 18:40:43.261722"], ["classe_id", 1]]
  ↳ app/controllers/personagems_controller.rb:20:in `create'
  [1m[36mTRANSACTION (8.0ms)[0m  [1m[36mcommit transaction[0m
  ↳ app/controllers/personagems_controller.rb:20:in `create'
Completed 201 Created in 116ms (Views: 1.4ms | ActiveRecord: 25.1ms | Allocations: 39551)


Started POST "/personagems" for ::1 at 2022-10-22 15:41:16 -0300
  [1m[36mActiveRecord::SchemaMigration Pluck (1.5ms)[0m  [1m[34mSELECT "schema_migrations"."version" FROM "schema_migrations" ORDER BY "schema_migrations"."version" ASC[0m
Processing by PersonagemsController#create as */*
  Parameters: {"nome"=>"xxXComedoraXxxX", "classe_id"=>1, "personagem"=>{"nome"=>"xxXComedoraXxxX", "classe_id"=>1}}
  [1m[36mTRANSACTION (0.1ms)[0m  [1m[36mbegin transaction[0m
  ↳ app/controllers/personagems_controller.rb:20:in `create'
  [1m[36mClasse Load (0.4ms)[0m  [1m[34mSELECT "classes".* FROM "classes" WHERE "classes"."id" = ? LIMIT ?[0m  [["id", 1], ["LIMIT", 1]]
  ↳ app/controllers/personagems_controller.rb:20:in `create'
  [1m[36mPersonagem Create (9.2ms)[0m  [1m[32mINSERT INTO "personagems" ("nome", "created_at", "updated_at", "classe_id") VALUES (?, ?, ?, ?)[0m  [["nome", "xxXComedoraXxxX"], ["created_at", "2022-10-22 18:41:16.987239"], ["updated_at", "2022-10-22 18:41:16.987239"], ["classe_id", 1]]
  ↳ app/controllers/personagems_controller.rb:20:in `create'
  [1m[36mTRANSACTION (6.8ms)[0m  [1m[36mcommit transaction[0m
  ↳ app/controllers/personagems_controller.rb:20:in `create'
Completed 201 Created in 122ms (Views: 0.5ms | ActiveRecord: 26.4ms | Allocations: 39425)


